[08-Aug-2022 22:00:28] NOTICE: fpm is running, pid 3736
[08-Aug-2022 22:00:28] NOTICE: ready to handle connections
[08-Aug-2022 22:18:05] NOTICE: Terminating ...
[08-Aug-2022 22:18:05] NOTICE: Terminating ...
[08-Aug-2022 22:18:05] NOTICE: exiting, bye-bye!
[17-Aug-2022 20:35:26] NOTICE: fpm is running, pid 3548
[17-Aug-2022 20:35:26] NOTICE: ready to handle connections
[17-Aug-2022 23:26:29] NOTICE: Terminating ...
[17-Aug-2022 23:26:29] NOTICE: Terminating ...
[17-Aug-2022 23:26:29] NOTICE: exiting, bye-bye!
[18-Aug-2022 18:47:45] NOTICE: fpm is running, pid 2639
[18-Aug-2022 18:47:45] NOTICE: ready to handle connections
[18-Aug-2022 20:42:14] NOTICE: Terminating ...
[18-Aug-2022 20:42:14] NOTICE: Terminating ...
[18-Aug-2022 20:42:14] NOTICE: exiting, bye-bye!
[21-Aug-2022 18:18:50] NOTICE: fpm is running, pid 1069
[21-Aug-2022 18:18:50] NOTICE: ready to handle connections
[22-Aug-2022 19:59:15] NOTICE: Terminating ...
[22-Aug-2022 19:59:15] NOTICE: Terminating ...
[22-Aug-2022 19:59:15] NOTICE: exiting, bye-bye!
[23-Aug-2022 18:34:23] NOTICE: fpm is running, pid 1057
[23-Aug-2022 18:34:23] NOTICE: ready to handle connections
[23-Aug-2022 22:21:37] NOTICE: Terminating ...
[23-Aug-2022 22:21:37] NOTICE: Terminating ...
[23-Aug-2022 22:21:37] NOTICE: exiting, bye-bye!
[26-Aug-2022 20:56:17] NOTICE: fpm is running, pid 843
[26-Aug-2022 20:56:17] NOTICE: ready to handle connections
[26-Aug-2022 22:56:40] NOTICE: Terminating ...
[26-Aug-2022 22:56:40] NOTICE: Terminating ...
[26-Aug-2022 22:56:40] NOTICE: exiting, bye-bye!
[29-Aug-2022 17:46:03] NOTICE: fpm is running, pid 2254
[29-Aug-2022 17:46:03] NOTICE: ready to handle connections
[29-Aug-2022 20:13:07] NOTICE: Terminating ...
[29-Aug-2022 20:13:07] NOTICE: Terminating ...
[29-Aug-2022 20:13:07] NOTICE: exiting, bye-bye!
[03-Sep-2022 14:22:18] NOTICE: fpm is running, pid 3658
[03-Sep-2022 14:22:18] NOTICE: ready to handle connections
[03-Sep-2022 14:28:33] NOTICE: Terminating ...
[03-Sep-2022 14:28:33] NOTICE: Terminating ...
[03-Sep-2022 14:28:33] NOTICE: exiting, bye-bye!
[10-Oct-2022 22:18:19] NOTICE: fpm is running, pid 16649
[10-Oct-2022 22:18:19] NOTICE: ready to handle connections
[10-Oct-2022 23:28:21] NOTICE: Terminating ...
[10-Oct-2022 23:28:21] NOTICE: Terminating ...
[10-Oct-2022 23:28:21] NOTICE: exiting, bye-bye!
